2026-02-17T15:42:21.477-03:00  INFO 20004 --- [libraryapi] [main] i.g.marlonszm.libraryapi.Application     : Starting Application using Java 21.0.9 with PID 20004 (C:\Users\Home PC\Documents\Documentos Marlon\Coding\Projetos em Java\libraryapi\target\classes started by Home PC in C:\Users\Home PC\Documents\Documentos Marlon\Coding\Projetos em Java\libraryapi)
2026-02-17T15:42:21.480-03:00  INFO 20004 --- [libraryapi] [main] i.g.marlonszm.libraryapi.Application     : No active profile set, falling back to 1 default profile: "default"
2026-02-17T15:42:22.855-03:00  INFO 20004 --- [libraryapi] [main] .s.d.r.c.RepositoryConfigurationDelegate : Bootstrapping Spring Data JPA repositories in DEFAULT mode.
2026-02-17T15:42:22.944-03:00  INFO 20004 --- [libraryapi] [main] .s.d.r.c.RepositoryConfigurationDelegate : Finished Spring Data repository scanning in 81 ms. Found 4 JPA repository interfaces.
2026-02-17T15:42:23.808-03:00  INFO 20004 --- [libraryapi] [main] o.s.b.w.embedded.tomcat.TomcatWebServer  : Tomcat initialized with port 8080 (http)
2026-02-17T15:42:23.826-03:00  INFO 20004 --- [libraryapi] [main] o.apache.catalina.core.StandardService   : Starting service [Tomcat]
2026-02-17T15:42:23.826-03:00  INFO 20004 --- [libraryapi] [main] o.apache.catalina.core.StandardEngine    : Starting Servlet engine: [Apache Tomcat/10.1.30]
2026-02-17T15:42:23.909-03:00  INFO 20004 --- [libraryapi] [main] o.a.c.c.C.[Tomcat].[localhost].[/]       : Initializing Spring embedded WebApplicationContext
2026-02-17T15:42:23.909-03:00  INFO 20004 --- [libraryapi] [main] w.s.c.ServletWebServerApplicationContext : Root WebApplicationContext: initialization completed in 2365 ms
2026-02-17T15:42:23.958-03:00  WARN 20004 --- [libraryapi] [main] com.zaxxer.hikari.HikariConfig           : library-db-pool - idleTimeout is close to or more than maxLifetime, disabling it.
2026-02-17T15:42:23.964-03:00  INFO 20004 --- [libraryapi] [main] com.zaxxer.hikari.HikariDataSource       : library-db-pool - Starting...
2026-02-17T15:42:24.192-03:00  INFO 20004 --- [libraryapi] [main] com.zaxxer.hikari.pool.HikariPool        : library-db-pool - Added connection org.postgresql.jdbc.PgConnection@3ea48c37
2026-02-17T15:42:24.194-03:00  INFO 20004 --- [libraryapi] [main] com.zaxxer.hikari.HikariDataSource       : library-db-pool - Start completed.
2026-02-17T15:42:24.310-03:00  INFO 20004 --- [libraryapi] [main] o.hibernate.jpa.internal.util.LogHelper  : HHH000204: Processing PersistenceUnitInfo [name: default]
2026-02-17T15:42:24.412-03:00  INFO 20004 --- [libraryapi] [main] org.hibernate.Version                    : HHH000412: Hibernate ORM core version 6.5.3.Final
2026-02-17T15:42:24.473-03:00  INFO 20004 --- [libraryapi] [main] o.h.c.internal.RegionFactoryInitiator    : HHH000026: Second-level cache disabled
2026-02-17T15:42:25.078-03:00  INFO 20004 --- [libraryapi] [main] o.s.o.j.p.SpringPersistenceUnitInfo      : No LoadTimeWeaver setup: ignoring JPA class transformer
2026-02-17T15:42:26.348-03:00  INFO 20004 --- [libraryapi] [main] o.h.e.t.j.p.i.JtaPlatformInitiator       : HHH000489: No JTA platform available (set 'hibernate.transaction.jta.platform' to enable JTA platform integration)
2026-02-17T15:42:26.351-03:00  INFO 20004 --- [libraryapi] [main] j.LocalContainerEntityManagerFactoryBean : Initialized JPA EntityManagerFactory for persistence unit 'default'
2026-02-17T15:42:26.846-03:00  INFO 20004 --- [libraryapi] [main] o.s.d.j.r.query.QueryEnhancerFactory     : Hibernate is in classpath; If applicable, HQL parser will be used.
2026-02-17T15:42:27.708-03:00  WARN 20004 --- [libraryapi] [main] JpaBaseConfiguration$JpaWebConfiguration : spring.jpa.open-in-view is enabled by default. Therefore, database queries may be performed during view rendering. Explicitly configure spring.jpa.open-in-view to disable this warning
2026-02-17T15:42:27.729-03:00  INFO 20004 --- [libraryapi] [main] eAuthenticationProviderManagerConfigurer : Global AuthenticationManager configured with AuthenticationProvider bean with name customAuthenticationProvider
2026-02-17T15:42:30.502-03:00  WARN 20004 --- [libraryapi] [main] o.s.s.c.a.web.builders.WebSecurity       : You are asking Spring Security to ignore Deferred [Mvc [pattern='/v2/api-docs'], Ant [pattern='/v2/api-docs']]. This is not recommended -- please use permitAll via HttpSecurity#authorizeHttpRequests instead.
2026-02-17T15:42:30.502-03:00  WARN 20004 --- [libraryapi] [main] o.s.s.c.a.web.builders.WebSecurity       : You are asking Spring Security to ignore Deferred [Mvc [pattern='/v3/api-docs/**'], Ant [pattern='/v3/api-docs/**']]. This is not recommended -- please use permitAll via HttpSecurity#authorizeHttpRequests instead.
2026-02-17T15:42:30.502-03:00  WARN 20004 --- [libraryapi] [main] o.s.s.c.a.web.builders.WebSecurity       : You are asking Spring Security to ignore Deferred [Mvc [pattern='/swagger-resources/**'], Ant [pattern='/swagger-resources/**']]. This is not recommended -- please use permitAll via HttpSecurity#authorizeHttpRequests instead.
2026-02-17T15:42:30.502-03:00  WARN 20004 --- [libraryapi] [main] o.s.s.c.a.web.builders.WebSecurity       : You are asking Spring Security to ignore Deferred [Mvc [pattern='/swagger-ui.html'], Ant [pattern='/swagger-ui.html']]. This is not recommended -- please use permitAll via HttpSecurity#authorizeHttpRequests instead.
2026-02-17T15:42:30.503-03:00  WARN 20004 --- [libraryapi] [main] o.s.s.c.a.web.builders.WebSecurity       : You are asking Spring Security to ignore Deferred [Mvc [pattern='/swagger-ui/**'], Ant [pattern='/swagger-ui/**']]. This is not recommended -- please use permitAll via HttpSecurity#authorizeHttpRequests instead.
2026-02-17T15:42:30.503-03:00  WARN 20004 --- [libraryapi] [main] o.s.s.c.a.web.builders.WebSecurity       : You are asking Spring Security to ignore Deferred [Mvc [pattern='/webjars/**'], Ant [pattern='/webjars/**']]. This is not recommended -- please use permitAll via HttpSecurity#authorizeHttpRequests instead.
2026-02-17T15:42:31.145-03:00  INFO 20004 --- [libraryapi] [main] o.s.b.w.embedded.tomcat.TomcatWebServer  : Tomcat started on port 8080 (http) with context path '/'
2026-02-17T15:42:31.152-03:00  INFO 20004 --- [libraryapi] [main] i.g.marlonszm.libraryapi.Application     : Started Application in 11.066 seconds (process running for 13.12)
